
> varsigmas:=[ [], [2], [2,1], [2,3], [2,1,3], [2,1,3,2] ]:
> 
> u:=[1,3];

[], X[[1, 3]]


[2], X[[3, 2, 1]]+X[[2, 1, 3]]+X[[1, 3, 2]]+X[[1, 2, 3]]



[2, 1],  (-e1+e4)*X[[3, 2, 1]]+(-e1+e3)*X[[2, 1, 3]]+X[[2, 3, 2, 1]]


 
[2, 3],  (-e2+e4)*X[[2, 1, 3]]+(-e1+e4)*X[[1, 2, 3]]+X[[1, 2, 1, 3]]



[2, 1, 3], (e1-e3)*(e2-e4)*X[[2, 1, 3]]+(-e2+e4)*X[[2, 3, 2, 1]]


            +(-e1+e3)*X[[1, 2, 1, 3]]+X[[1, 2, 3, 2, 1]]



[2, 1, 3, 2], (e1-e3)*(e2-e4)*X[[2, 1, 3, 2]]

                +(-e2+e4)*X[[2, 1, 3, 2, 1]]

                 +(-e1+e3)*X[[1, 2, 1, 3, 2]]

              +X[[1, 2, 1, 3, 2, 1]]


[[], [1], [2], [3], [2, 1], [1, 3], [1, 2], [3, 2], [2, 3], [1, 2, 1],

    [3, 2, 1], [2, 1, 3], [1, 3, 2], [2, 3, 2], [1, 2, 3], [1, 3, 2, 1],

    [2, 3, 2, 1], [1, 2, 1, 3], [2, 1, 3, 2], [1, 2, 3, 2], [2, 1, 3, 2, 1],

    [1, 2, 3, 2, 1], [1, 2, 1, 3, 2], [1, 2, 1, 3, 2, 1]]

> f2GKM(ST[u]);

[0, 0, 0, 0, 0, (-e2 + e1) (-e4 + e3), 0, 0, 0, 0, (-e4 + e3) (e1 - e4),

    (e1 - e3) (e2 - e4), (-e2 + e1) (-e4 + e3), 0, (-e2 + e1) (e1 - e4),

    (-e4 + e3) (e1 - e4), (e2 - e4) (e1 - e4), (e1 - e3) (e1 - e4),

                                                                             2
    (e1 - e3) (e2 - e4), (-e2 + e1) (e1 - e4), (e2 - e4) (e1 - e4), (e1 - e4) ,

                                  2
    (e1 - e3) (e1 - e4), (e1 - e4) ]

