   0  4051  4395  9097  4959  2236   647   689  3926 509974  

#This line was cumulative:  It includes the stuff below
 0 1358 1492 3028 1625 729 212 224 1332
 413179

 0 1029 1138 2315 1278 568 164 177 1031 
 320506
 Seed for PID 4181 is 28700816  size of numbers is 40

 0  329  354  713  347 161 48 47 301 
 92673
 Seed for PID 9042 is 71894041  size of numbers is 40
----------------------------------------------------------
Next:
output/G37_2^6.1c/1008.output
::::::::::::::
0 294 351 705 398 173 40 52 287 
11424
::::::::::::::
output/G37_2^6.1c/23349.output
::::::::::::::
0 2399 2552 5364 2936 1334 395 413 2307 
85371
