#
#  Merging all data for different computations of this problem
#
L:=[
[28377,3869,32008,11177,22259,784,26,0,0,130798],
[15364,2127,17503,6071,12014,403,18,0,0,72303],
[14382,2003,16371,5669,11183,377,15,0,0,67572],
[56656,7879,64030,22270,44532,1575,58,0,0,331254],
[57512,7996,65020,22611,45201,1602,58,0,0,336871]]:

S:=[]:
for i from 1 to nops(L[1]) do
 S:=[S[],sum(L[jj][i],jj=1..nops(L))]:
end do:

S;

quit;


==================================
28377 3869 32008 11177 22259 784 26 0 0 
130798
Seed for PID 6449 is 201492327  size of numbers is 150

15364 2127 17503 6071 12014 403 18 0 0 
72303
Seed for PID 4958 is 241587932  size of numbers is 150

14382 2003 16371 5669 11183 377 15 0 0 
67572
Seed for PID 8776 is 75121739  size of numbers is 150

This was merged:  Only the top line counts
========================================
More date
========================================
total 24
drwxr-xr-x  2 sottile fac 4096 2011-03-25 08:53 ./
drwxr-xr-x 13 sottile fac 4096 2011-03-24 16:04 ../
-rw-r--r--  1 sottile fac   45 2011-01-27 16:35 17771.output
-rw-r--r--  1 sottile fac   48 2011-02-01 12:02 17800.output
-rw-r--r--  1 sottile fac   48 2011-02-02 16:21 6431.output
-rw-r--r--  1 sottile fac   48 2011-02-03 01:50 8794.output
-rw-r--r--  1 sottile fac    0 2011-03-25 08:53 A
::::::::::::::
17771.output
::::::::::::::
15364 2127 17503 6071 12014 403 18 0 0
72303
::::::::::::::
17800.output
::::::::::::::
56656 7879 64030 22270 44532 1575 58 0 0 
331254::::::::::::::
6431.output
::::::::::::::
57087 7932 64558 22454 44822 1588 59 0 0 
334149::::::::::::::
8794.output
::::::::::::::
57512 7996 65020 22611 45201 1602 58 0 0 
336871
sottile:L3_1^6.2c: 

