interface(quiet=true):
L:=[
[56,85,145,21,40,23,0,0,0,0,0,0,0],
[98,147,271,34,97,43,0,0,0,0,0,0,0],
[76,90,165,30,53,26,0,0,0,0,0,0,0],
[41,57,86,11,36,19,0,0,0,0,0,0,0],
[44,62,77,17,27,23,0,0,0,0,0,0,0]
]:
M:=[7,3,9,0,1,0,0,0,0,0,0,0,0]:
N:=0:
for i from 1 to 13 do
 M[i]:=L[1][i]+L[2][i]+L[3][i]+L[4][i]+L[5][i]:
 N:=N+M[i]:
end do:
M;N;
Time:=121775 +2485580 +2695846 +2882275 +1013106 +1016284;

quit;
::::::::::::::
output/L4_2^5.1c/10058.output
::::::::::::::
7 3 9 0 1 0 0 0 0 0 0 0 0 
121775
::::::::::::::
output/L4_2^5.1c/10357.output
::::::::::::::
56 85 145 21 40 23 0 0 0 0 0 0 0 
2485580
::::::::::::::
output/L4_2^5.1c/10364.output
::::::::::::::
98 147 271 34 97 43 0 0 0 0 0 0 0 
2695846
::::::::::::::
output/L4_2^5.1c/32186.output
::::::::::::::
76 90 165 30 53 26 0 0 0 0 0 0 0 
2882275
::::::::::::::
6851.output
::::::::::::::
41 57 86 11 36 19 0 0 0 0 0 0 0 
1013106
::::::::::::::
6854.output
::::::::::::::
44 62 77 17 27 23 0 0 0 0 0 0 0 
1016284

